<?xml version="1.0" encoding="UTF-8"?>
<!-- Generated by org.testng.reporters.JUnitXMLReporter -->
<testsuite hostname="DESKTOP-FJN63NP" ignored="0" name="Test" tests="5" failures="0" timestamp="2023-04-24T16:10:52 IST" time="46.362" errors="0">
  <testcase name="login" time="5.632" classname="tests.LoginTest"/>
  <testcase name="login" time="5.618" classname="tests.LoginTest"/>
  <testcase name="testTwo" time="8.067" classname="tests.TwoTest"/>
  <testcase name="threeTest" time="7.471" classname="tests.ThreeTest"/>
  <testcase name="fourTest" time="6.963" classname="tests.FourTest"/>
</testsuite> <!-- Test -->
