<?xml version="1.0" encoding="UTF-8"?>
<testng-results skipped="0" failed="0" ignored="0" total="2" passed="2">
  <reporter-output>
  </reporter-output>
  <suite name="Default suite" duration-ms="69016" started-at="2023-05-11T19:32:17 IST" finished-at="2023-05-11T19:33:26 IST">
    <groups>
    </groups>
    <test name="Default test" duration-ms="69016" started-at="2023-05-11T19:32:17 IST" finished-at="2023-05-11T19:33:26 IST">
      <class name="tests.LoginTest">
        <test-method status="PASS" signature="openApplication()[pri:0, instance:tests.LoginTest@150c158]" name="openApplication" is-config="true" duration-ms="47500" started-at="2023-05-11T19:32:17 IST" finished-at="2023-05-11T19:33:05 IST">
          <reporter-output>
          </reporter-output>
        </test-method> <!-- openApplication -->
        <test-method status="PASS" signature="login(java.lang.String,java.lang.String,java.lang.String)[pri:0, instance:tests.LoginTest@150c158]" name="login" duration-ms="8414" started-at="2023-05-11T19:33:05 IST" data-provider="getLogin" finished-at="2023-05-11T19:33:13 IST">
          <params>
            <param index="0">
              <value>
                <![CDATA[deependrara@gmail.com]]>
              </value>
            </param>
            <param index="1">
              <value>
                <![CDATA[12345deep]]>
              </value>
            </param>
            <param index="2">
              <value>
                <![CDATA[Success]]>
              </value>
            </param>
          </params>
          <reporter-output>
          </reporter-output>
        </test-method> <!-- login -->
        <test-method status="PASS" signature="close()[pri:0, instance:tests.LoginTest@150c158]" name="close" is-config="true" duration-ms="1360" started-at="2023-05-11T19:33:13 IST" finished-at="2023-05-11T19:33:14 IST">
          <reporter-output>
          </reporter-output>
        </test-method> <!-- close -->
        <test-method status="PASS" signature="openApplication()[pri:0, instance:tests.LoginTest@150c158]" name="openApplication" is-config="true" duration-ms="5200" started-at="2023-05-11T19:33:14 IST" finished-at="2023-05-11T19:33:20 IST">
          <reporter-output>
          </reporter-output>
        </test-method> <!-- openApplication -->
        <test-method status="PASS" signature="login(java.lang.String,java.lang.String,java.lang.String)[pri:0, instance:tests.LoginTest@150c158]" name="login" duration-ms="5602" started-at="2023-05-11T19:33:20 IST" data-provider="getLogin" finished-at="2023-05-11T19:33:25 IST">
          <params>
            <param index="0">
              <value>
                <![CDATA[deep123@gmail.com]]>
              </value>
            </param>
            <param index="1">
              <value>
                <![CDATA[12345]]>
              </value>
            </param>
            <param index="2">
              <value>
                <![CDATA[Failure]]>
              </value>
            </param>
          </params>
          <reporter-output>
          </reporter-output>
        </test-method> <!-- login -->
        <test-method status="PASS" signature="close()[pri:0, instance:tests.LoginTest@150c158]" name="close" is-config="true" duration-ms="567" started-at="2023-05-11T19:33:25 IST" finished-at="2023-05-11T19:33:26 IST">
          <reporter-output>
          </reporter-output>
        </test-method> <!-- close -->
      </class> <!-- tests.LoginTest -->
    </test> <!-- Default test -->
  </suite> <!-- Default suite -->
</testng-results>
